fe9dea3e3 SW-8359 Return observation-specific activity media data (#4379)
60d35d90d SW-8322 Use system user to fetch details for failure reporting (#4378)
478f183e0 Update database dependencies (#3933)
d459ecb17 Update Spring dependencies (#4316)
85d6b9f25 Update dependency mypy to v2 (#4359)
d6dd8efb5 Added virtual walkthrough internal tag and organization feature (#4376)
e72cf8c71 SW-8333 Updated Search API to include a Partial option, and replace ExactOrFuzzy with PartialOrFuzzy (#4367)
e78b00d9c SW-8330 Added admin UI functionality to backfill observations (#4366)
30c7485f1 Receive and store average camera height from sqs, expose it in splat info (#4369)
7b1e5ac0d Receive and store ground plane from sqs, expose it in splat info (#4361)
841d1d933 Receive and store scene bounds from sqs, expose them in splat info (#4352)
90e0e5ade Remove `+` typo in openapi description (#4371)
733a3aa96 Fill missing plot histories before plot species totals migrations (#4368)
0cd8d79b8 SW-8294 Added option in observation results API to fetch from new tables (#4363)
ff36ec04b SW-8295 Added observation tables to Search API (#4362)
dc4a12707 SW-8291 Implemented updating plot species count and t0 data  (#4333)
495fba019 SW-8294 Implemented observation results store for new tables (#4332)
fc91062e5 Refactor common multisets from ObservationResultsStore (#4343)
d289365ad SW-8291 Implemented std dev for survival-rate (#4331)
7f35064d6 SW-8291 Implemented survival rate calculations (#4330)
85aceadc9 SW-8290 Implemented rolled up values for plant counts and densities (#4329)
9ed937a76 SW-8290 Implemented tables for observation results (#4328)
1a3c63443 Migrated species totals table to use history ID as key (#4342)
ec30be5d9 Don't localize parsing of raw numeric search values (#4358)
b415a1c61 Update dependency software.amazon.jdbc:aws-advanced-jdbc-wrapper to v4 (#4360)
8ac82be46 Update dependency com.google.apis:google-api-services-drive to v3-rev20260428-2.0.0 (#4353)
ba60e7f1e Update dependency html-minifier-next to v6.2.4 (#4354)
2d1b6e7ef Update dependency types-requests to v2.33.0.20260508 (#4356)
cd56d0c02 Update dependency com.google.auth:google-auth-library-oauth2-http to v1.47.0 (#4357)
5ea37ec70 Update dependency io.swagger.core.v3:swagger-annotations to v2.2.49 (#4355)
1e92bcfee SW-8332 Submit failure to generate splat tickets using user ID (#4345)
f0e7a38dd Update walkthrough notifications to include file id (#4349)
a1e38120e Update dependency html-minifier-next to v6.2.1 (#4312)
1c38cb65f SW-8334 Added nursery withdrawal photo models (#4344)
c58867943 SW-8277 Write detailed failure messages and run as system user (#4346)
